Using pre-set license
Built from '2021.3/staging' branch; Version is '2021.3.14f1 (eee1884e7226) revision 15655304'; Using compiler version '192829333'; Build Type 'Release'
OS: 'Windows 10  (10.0.19045) 64bit Core' Language: 'en' Physical Memory: 16122 MB
BatchMode: 1, IsHumanControllingUs: 0, StartBugReporterOnCrash: 0, Is64bit: 1, IsPro: 1

COMMAND LINE ARGUMENTS:
C:\Program Files\Unity\Hub\Editor\2021.3.14f1\Editor\Unity.exe
-adb2
-batchMode
-noUpm
-name
AssetImportWorker2
-projectPath
C:/School/FUN/S-I-M-P_FUN
-logFile
Logs/AssetImportWorker2.log
-srvPort
50206
Successfully changed project path to: C:/School/FUN/S-I-M-P_FUN
C:/School/FUN/S-I-M-P_FUN
[UnityMemory] Configuration Parameters - Can be set up in boot.config
    "memorysetup-bucket-allocator-granularity=16"
    "memorysetup-bucket-allocator-bucket-count=8"
    "memorysetup-bucket-allocator-block-size=33554432"
    "memorysetup-bucket-allocator-block-count=8"
    "memorysetup-main-allocator-block-size=16777216"
    "memorysetup-thread-allocator-block-size=16777216"
    "memorysetup-gfx-main-allocator-block-size=16777216"
    "memorysetup-gfx-thread-allocator-block-size=16777216"
    "memorysetup-cache-allocator-block-size=4194304"
    "memorysetup-typetree-allocator-block-size=2097152"
    "memorysetup-profiler-bucket-allocator-granularity=16"
    "memorysetup-profiler-bucket-allocator-bucket-count=8"
    "memorysetup-profiler-bucket-allocator-block-size=33554432"
    "memorysetup-profiler-bucket-allocator-block-count=8"
    "memorysetup-profiler-allocator-block-size=16777216"
    "memorysetup-profiler-editor-allocator-block-size=1048576"
    "memorysetup-temp-allocator-size-main=16777216"
    "memorysetup-job-temp-allocator-block-size=2097152"
    "memorysetup-job-temp-allocator-block-size-background=1048576"
    "memorysetup-job-temp-allocator-reduction-small-platforms=262144"
    "memorysetup-temp-allocator-size-background-worker=32768"
    "memorysetup-temp-allocator-size-job-worker=262144"
    "memorysetup-temp-allocator-size-preload-manager=33554432"
    "memorysetup-temp-allocator-size-nav-mesh-worker=65536"
    "memorysetup-temp-allocator-size-audio-worker=65536"
    "memorysetup-temp-allocator-size-cloud-worker=32768"
    "memorysetup-temp-allocator-size-gi-baking-worker=262144"
    "memorysetup-temp-allocator-size-gfx=262144"
Refreshing native plugins compatible for Editor in 93.80 ms, found 3 plugins.
Preloading 0 native plugins for Editor in 0.00 ms.
Initialize engine version: 2021.3.14f1 (eee1884e7226)
[Subsystems] Discovering subsystems at path C:/Program Files/Unity/Hub/Editor/2021.3.14f1/Editor/Data/Resources/UnitySubsystems
[Subsystems] Discovering subsystems at path C:/School/FUN/S-I-M-P_FUN/Assets
GfxDevice: creating device client; threaded=0; jobified=0
Direct3D:
    Version:  Direct3D 11.0 [level 11.1]
    Renderer: NVIDIA GeForce RTX 3060 Laptop GPU (ID=0x2520)
    Vendor:   NVIDIA
    VRAM:     6009 MB
    Driver:   31.0.15.2802
Initialize mono
Mono path[0] = 'C:/Program Files/Unity/Hub/Editor/2021.3.14f1/Editor/Data/Managed'
Mono path[1] = 'C:/Program Files/Unity/Hub/Editor/2021.3.14f1/Editor/Data/MonoBleedingEdge/lib/mono/unityjit-win32'
Mono config path = 'C:/Program Files/Unity/Hub/Editor/2021.3.14f1/Editor/Data/MonoBleedingEdge/etc'
Using monoOptions --debugger-agent=transport=dt_socket,embedding=1,server=y,suspend=n,address=127.0.0.1:56336
Begin MonoManager ReloadAssembly
Registering precompiled unity dll's ...
Register platform support module: C:/Program Files/Unity/Hub/Editor/2021.3.14f1/Editor/Data/PlaybackEngines/WindowsStandaloneSupport/UnityEditor.WindowsStandalone.Extensions.dll
Registered in 0.007793 seconds.
Native extension for WindowsStandalone target not found
Refreshing native plugins compatible for Editor in 98.14 ms, found 3 plugins.
Preloading 0 native plugins for Editor in 0.00 ms.
Mono: successfully reloaded assembly
- Completed reload, in  0.735 seconds
Domain Reload Profiling:
	ReloadAssembly (736ms)
		BeginReloadAssembly (82ms)
			ExecutionOrderSort (0ms)
			DisableScriptedObjects (0ms)
			BackupInstance (0ms)
			ReleaseScriptingObjects (0ms)
			CreateAndSetChildDomain (1ms)
		EndReloadAssembly (521ms)
			LoadAssemblies (79ms)
			RebuildTransferFunctionScriptingTraits (0ms)
			SetupTypeCache (121ms)
			ReleaseScriptCaches (0ms)
			RebuildScriptCaches (31ms)
			SetupLoadedEditorAssemblies (312ms)
				LogAssemblyErrors (0ms)
				InitializePlatformSupportModulesInManaged (8ms)
				SetLoadedEditorAssemblies (0ms)
				RefreshPlugins (98ms)
				BeforeProcessingInitializeOnLoad (1ms)
				ProcessInitializeOnLoadAttributes (157ms)
				ProcessInitializeOnLoadMethodAttributes (47ms)
				AfterProcessingInitializeOnLoad (0ms)
				EditorAssembliesLoaded (0ms)
			ExecutionOrderSort2 (0ms)
			AwakeInstancesAfterBackupRestoration (0ms)
Platform modules already initialized, skipping
Registering precompiled user dll's ...
Registered in 0.006435 seconds.
Begin MonoManager ReloadAssembly
Symbol file LoadedFromMemory doesn't match image C:\School\FUN\S-I-M-P_FUN\Library\PackageCache\com.unity.visualscripting@1.7.8\Editor\VisualScripting.Core\Dependencies\YamlDotNet\Unity.VisualScripting.YamlDotNet.dll
Symbol file LoadedFromMemory doesn't match image C:\School\FUN\S-I-M-P_FUN\Library\PackageCache\com.unity.visualscripting@1.7.8\Editor\VisualScripting.Core\Dependencies\DotNetZip\Unity.VisualScripting.IonicZip.dll
Native extension for WindowsStandalone target not found
Refreshing native plugins compatible for Editor in 0.69 ms, found 3 plugins.
Preloading 0 native plugins for Editor in 0.00 ms.
Mono: successfully reloaded assembly
- Completed reload, in  1.213 seconds
Domain Reload Profiling:
	ReloadAssembly (1214ms)
		BeginReloadAssembly (124ms)
			ExecutionOrderSort (0ms)
			DisableScriptedObjects (5ms)
			BackupInstance (0ms)
			ReleaseScriptingObjects (0ms)
			CreateAndSetChildDomain (19ms)
		EndReloadAssembly (945ms)
			LoadAssemblies (86ms)
			RebuildTransferFunctionScriptingTraits (0ms)
			SetupTypeCache (319ms)
			ReleaseScriptCaches (1ms)
			RebuildScriptCaches (71ms)
			SetupLoadedEditorAssemblies (412ms)
				LogAssemblyErrors (0ms)
				InitializePlatformSupportModulesInManaged (6ms)
				SetLoadedEditorAssemblies (1ms)
				RefreshPlugins (1ms)
				BeforeProcessingInitializeOnLoad (104ms)
				ProcessInitializeOnLoadAttributes (264ms)
				ProcessInitializeOnLoadMethodAttributes (29ms)
				AfterProcessingInitializeOnLoad (8ms)
				EditorAssembliesLoaded (0ms)
			ExecutionOrderSort2 (0ms)
			AwakeInstancesAfterBackupRestoration (6ms)
Platform modules already initialized, skipping
========================================================================
Worker process is ready to serve import requests
Launched and connected shader compiler UnityShaderCompiler.exe after 0.03 seconds
Refreshing native plugins compatible for Editor in 0.57 ms, found 3 plugins.
Preloading 0 native plugins for Editor in 0.00 ms.
Unloading 3351 Unused Serialized files (Serialized files now loaded: 0)
Unloading 27 unused Assets / (113.5 KB). Loaded Objects now: 3808.
Memory consumption went from 115.3 MB to 115.2 MB.
Total: 2.705800 ms (FindLiveObjects: 0.332600 ms CreateObjectMapping: 0.146900 ms MarkObjects: 2.132600 ms  DeleteObjects: 0.092900 ms)

AssetImportParameters requested are different than current active one (requested -> active):
  custom:video-decoder-ogg-theora: a1e56fd34408186e4bbccfd4996cb3dc -> 
  custom:container-muxer-webm: aa71ff27fc2769a1b78a27578f13a17b -> 
  custom:container-demuxer-webm: 4f35f7cbe854078d1ac9338744f61a02 -> 
  custom:video-encoder-webm-vp8: eb34c28f22e8b96e1ab97ce403110664 -> 
  custom:video-codec-MediaFoundation-h265: 746d11721c4dcdbdad8f713fa42b33f4 -> 
  custom:audio-encoder-webm-vorbis: bf7c407c2cedff20999df2af8eb42d56 -> 
  custom:framework-win-MediaFoundation: 216162199b28c13a410421893ffa2e32 -> 
  custom:container-demuxer-ogg: 62fdf1f143b41e24485cea50d1cbac27 -> 
  custom:video-decoder-webm-vp8: 9c59270c3fd7afecdb556c50c9e8de78 -> 
  custom:audio-decoder-ogg-vorbis: bf7c407c2cedff20999df2af8eb42d56 -> 
========================================================================
Received Import Request.
  Time since last request: 1147.017759 seconds.
  path: Assets/BasAssetStore
  artifactKey: Guid(4c54110982a14f74b9b1d3c73c16b0f3) Importer(815301076,1909f56bfc062723c751e8b465ee728b)
Start importing Assets/BasAssetStore using Guid(4c54110982a14f74b9b1d3c73c16b0f3) Importer(815301076,1909f56bfc062723c751e8b465ee728b)  -> (artifact id: '65f4477db09faf6a5c1f8eefba8d1440') in 0.012824 seconds 
========================================================================
Received Import Request.
  Time since last request: 1.005289 seconds.
  path: Assets/BasAssetStore/LowPolyVillage
  artifactKey: Guid(7fd4e0cafaa2d324496ccdc6badc06a3) Importer(815301076,1909f56bfc062723c751e8b465ee728b)
Start importing Assets/BasAssetStore/LowPolyVillage using Guid(7fd4e0cafaa2d324496ccdc6badc06a3) Importer(815301076,1909f56bfc062723c751e8b465ee728b)  -> (artifact id: 'aac968aa74ecfc654da335ded01508be') in 0.005490 seconds 
========================================================================
Received Import Request.
  Time since last request: 2.583318 seconds.
  path: Assets/BasAssetStore/LowPolyVillage/Prefabs
  artifactKey: Guid(6f0bbde5338384a469ada2ae04cea44b) Importer(815301076,1909f56bfc062723c751e8b465ee728b)
Start importing Assets/BasAssetStore/LowPolyVillage/Prefabs using Guid(6f0bbde5338384a469ada2ae04cea44b) Importer(815301076,1909f56bfc062723c751e8b465ee728b)  -> (artifact id: '35bf1dadc9f0c50b7148c1080746e0c2') in 0.002021 seconds 
========================================================================
Received Import Request.
  Time since last request: 3.859283 seconds.
  path: Assets/Scenes/SampleScene.unity
  artifactKey: Guid(9fc0d4010bbf28b4594072e72b8655ab) Importer(815301076,1909f56bfc062723c751e8b465ee728b)
Start importing Assets/Scenes/SampleScene.unity using Guid(9fc0d4010bbf28b4594072e72b8655ab) Importer(815301076,1909f56bfc062723c751e8b465ee728b)  -> (artifact id: '29db479789f48e3d928b5863aed89aba') in 0.006036 seconds 
========================================================================
Received Import Request.
  Time since last request: 73.570135 seconds.
  path: Assets/Scenes
  artifactKey: Guid(6ea315d0fd7389c41b19996891e99ae3) Importer(815301076,1909f56bfc062723c751e8b465ee728b)
Start importing Assets/Scenes using Guid(6ea315d0fd7389c41b19996891e99ae3) Importer(815301076,1909f56bfc062723c751e8b465ee728b)  -> (artifact id: 'b8193726cff86800c54781cdc6d54904') in 0.004689 seconds 
========================================================================
Received Import Request.
  Time since last request: 162.079166 seconds.
  path: Assets/Lion_Statue
  artifactKey: Guid(695b5d36644987d4cabbea8babc2b6de) Importer(815301076,1909f56bfc062723c751e8b465ee728b)
Start importing Assets/Lion_Statue using Guid(695b5d36644987d4cabbea8babc2b6de) Importer(815301076,1909f56bfc062723c751e8b465ee728b)  -> (artifact id: '6b3da9861971e85cc22f2377d0f92920') in 0.005212 seconds 
========================================================================
Received Import Request.
  Time since last request: 0.143920 seconds.
  path: Assets/Lion_Statue/Lion_statue.fbx
  artifactKey: Guid(0f2db1a86a8c9174086a63877d81d52a) Importer(815301076,1909f56bfc062723c751e8b465ee728b)
Start importing Assets/Lion_Statue/Lion_statue.fbx using Guid(0f2db1a86a8c9174086a63877d81d52a) Importer(815301076,1909f56bfc062723c751e8b465ee728b)  -> (artifact id: '2e869945a47c3090a85ab738fabb93e5') in 0.398900 seconds 
========================================================================
Received Import Request.
  Time since last request: 366.636380 seconds.
  path: Assets/LiquidFire Assets
  artifactKey: Guid(1da76d20aebdca64f8ca536545ae0a26) Importer(815301076,1909f56bfc062723c751e8b465ee728b)
Start importing Assets/LiquidFire Assets using Guid(1da76d20aebdca64f8ca536545ae0a26) Importer(815301076,1909f56bfc062723c751e8b465ee728b)  -> (artifact id: 'fc6273b4b5cfd339f70a24e70e8710f3') in 0.005035 seconds 
========================================================================
Received Import Request.
  Time since last request: 4.185459 seconds.
  path: Assets/LiquidFire Assets/Mausoleum
  artifactKey: Guid(83a31ce933171724999f2fbf5b564efb) Importer(815301076,1909f56bfc062723c751e8b465ee728b)
Start importing Assets/LiquidFire Assets/Mausoleum using Guid(83a31ce933171724999f2fbf5b564efb) Importer(815301076,1909f56bfc062723c751e8b465ee728b)  -> (artifact id: '2288fef558ca134ede758e3054640f73') in 0.005046 seconds 
========================================================================
Received Import Request.
  Time since last request: 1.897873 seconds.
  path: Assets/LiquidFire Assets/Mausoleum/Scene
  artifactKey: Guid(c5ee3bdd8c619e94fa8453f47d9a00ff) Importer(815301076,1909f56bfc062723c751e8b465ee728b)
Start importing Assets/LiquidFire Assets/Mausoleum/Scene using Guid(c5ee3bdd8c619e94fa8453f47d9a00ff) Importer(815301076,1909f56bfc062723c751e8b465ee728b)  -> (artifact id: '2c3c22f495dcb1c889110d061f918851') in 0.006875 seconds 
========================================================================
Received Import Request.
  Time since last request: 1.084721 seconds.
  path: Assets/LiquidFire Assets/Mausoleum/Scene/Mausoleum.unity
  artifactKey: Guid(de3f02b86100a764887cdcd466e0470c) Importer(815301076,1909f56bfc062723c751e8b465ee728b)
Start importing Assets/LiquidFire Assets/Mausoleum/Scene/Mausoleum.unity using Guid(de3f02b86100a764887cdcd466e0470c) Importer(815301076,1909f56bfc062723c751e8b465ee728b)  -> (artifact id: '14e95a012ff841d78c7cddfb2bc1df68') in 0.004963 seconds 
